1    [XML-RPC-0] ERROR org.apache.xmlrpc.server.XmlRpcErrorLogger - Failed to invoke method execute in class com.nantic.jasperreports.JasperServer: Error evaluating expression : 
	Source text : Float.valueOf( $F{Unit_Price-price_unit} )
org.apache.xmlrpc.common.XmlRpcInvocationException: Failed to invoke method execute in class com.nantic.jasperreports.JasperServer: Error evaluating expression : 
	Source text : Float.valueOf( $F{Unit_Price-price_unit} )
	at org.apache.xmlrpc.server.ReflectiveXmlRpcHandler.invoke(ReflectiveXmlRpcHandler.java:129)
	at org.apache.xmlrpc.server.ReflectiveXmlRpcHandler.execute(ReflectiveXmlRpcHandler.java:106)
	at org.apache.xmlrpc.server.XmlRpcServerWorker.execute(XmlRpcServerWorker.java:46)
	at org.apache.xmlrpc.server.XmlRpcServer.execute(XmlRpcServer.java:86)
	at org.apache.xmlrpc.server.XmlRpcStreamServer.execute(XmlRpcStreamServer.java:200)
	at org.apache.xmlrpc.webserver.Connection.run(Connection.java:208)
	at org.apache.xmlrpc.util.ThreadPool$Poolable$1.run(ThreadPool.java:68)
Caused by: net.sf.jasperreports.engine.fill.JRExpressionEvalException: Error evaluating expression : 
	Source text : Float.valueOf( $F{Unit_Price-price_unit} )
	at net.sf.jasperreports.engine.fill.JREvaluator.evaluate(JREvaluator.java:203)
	at net.sf.jasperreports.engine.fill.JRCalculator.evaluate(JRCalculator.java:591)
	at net.sf.jasperreports.engine.fill.JRCalculator.evaluate(JRCalculator.java:559)
	at net.sf.jasperreports.engine.fill.JRFillElement.evaluateExpression(JRFillElement.java:966)
	at net.sf.jasperreports.engine.fill.JRFillTextField.evaluateText(JRFillTextField.java:447)
	at net.sf.jasperreports.engine.fill.JRFillTextField.evaluate(JRFillTextField.java:431)
	at net.sf.jasperreports.engine.fill.JRFillElementContainer.evaluate(JRFillElementContainer.java:259)
	at net.sf.jasperreports.engine.fill.JRFillBand.evaluate(JRFillBand.java:459)
	at net.sf.jasperreports.engine.fill.JRVerticalFiller.fillColumnBand(JRVerticalFiller.java:2044)
	at net.sf.jasperreports.engine.fill.JRVerticalFiller.fillDetail(JRVerticalFiller.java:778)
	at net.sf.jasperreports.engine.fill.JRVerticalFiller.fillReportStart(JRVerticalFiller.java:288)
	at net.sf.jasperreports.engine.fill.JRVerticalFiller.fillReport(JRVerticalFiller.java:151)
	at net.sf.jasperreports.engine.fill.JRBaseFiller.fill(JRBaseFiller.java:909)
	at net.sf.jasperreports.engine.fill.JRBaseFiller.fill(JRBaseFiller.java:841)
	at net.sf.jasperreports.engine.fill.JRFiller.fill(JRFiller.java:88)
	at net.sf.jasperreports.engine.JasperFillManager.fill(JasperFillManager.java:653)
	at net.sf.jasperreports.engine.JasperFillManager.fillReport(JasperFillManager.java:969)
	at com.nantic.jasperreports.JasperServer.privateExecute(JasperServer.java:196)
	at com.nantic.jasperreports.JasperServer.execute(JasperServer.java:96)
	at sun.reflect.NativeMethodAccessorImpl.invoke0(Native Method)
	at sun.reflect.NativeMethodAccessorImpl.invoke(NativeMethodAccessorImpl.java:57)
	at sun.reflect.DelegatingMethodAccessorImpl.invoke(DelegatingMethodAccessorImpl.java:43)
	at java.lang.reflect.Method.invoke(Method.java:606)
	at org.apache.xmlrpc.server.ReflectiveXmlRpcHandler.invoke(ReflectiveXmlRpcHandler.java:115)
	... 6 more
Caused by: java.lang.NumberFormatException: empty String
	at sun.misc.FloatingDecimal.readJavaFormatString(FloatingDecimal.java:1020)
	at java.lang.Float.valueOf(Float.java:417)
	at sun.reflect.NativeMethodAccessorImpl.invoke0(Native Method)
	at sun.reflect.NativeMethodAccessorImpl.invoke(NativeMethodAccessorImpl.java:57)
	at sun.reflect.DelegatingMethodAccessorImpl.invoke(DelegatingMethodAccessorImpl.java:43)
	at java.lang.reflect.Method.invoke(Method.java:606)
	at org.codehaus.groovy.reflection.CachedMethod.invoke(CachedMethod.java:88)
	at groovy.lang.MetaMethod.doMethodInvoke(MetaMethod.java:233)
	at org.codehaus.groovy.runtime.callsite.StaticMetaMethodSite.invoke(StaticMetaMethodSite.java:43)
	at org.codehaus.groovy.runtime.callsite.StaticMetaMethodSite.call(StaticMetaMethodSite.java:88)
	at org.codehaus.groovy.runtime.callsite.CallSiteArray.defaultCall(CallSiteArray.java:40)
	at org.codehaus.groovy.runtime.callsite.AbstractCallSite.call(AbstractCallSite.java:116)
	at org.codehaus.groovy.runtime.callsite.AbstractCallSite.call(AbstractCallSite.java:124)
	at sale_order_report_1458295840117_481914.evaluate(calculator_sale_order_report_1458295840117_481914:715)
	at net.sf.jasperreports.engine.fill.JREvaluator.evaluate(JREvaluator.java:190)
	... 29 more
Caused by:
net.sf.jasperreports.engine.fill.JRExpressionEvalException: Error evaluating expression : 
	Source text : Float.valueOf( $F{Unit_Price-price_unit} )
	at net.sf.jasperreports.engine.fill.JREvaluator.evaluate(JREvaluator.java:203)
	at net.sf.jasperreports.engine.fill.JRCalculator.evaluate(JRCalculator.java:591)
	at net.sf.jasperreports.engine.fill.JRCalculator.evaluate(JRCalculator.java:559)
	at net.sf.jasperreports.engine.fill.JRFillElement.evaluateExpression(JRFillElement.java:966)
	at net.sf.jasperreports.engine.fill.JRFillTextField.evaluateText(JRFillTextField.java:447)
	at net.sf.jasperreports.engine.fill.JRFillTextField.evaluate(JRFillTextField.java:431)
	at net.sf.jasperreports.engine.fill.JRFillElementContainer.evaluate(JRFillElementContainer.java:259)
	at net.sf.jasperreports.engine.fill.JRFillBand.evaluate(JRFillBand.java:459)
	at net.sf.jasperreports.engine.fill.JRVerticalFiller.fillColumnBand(JRVerticalFiller.java:2044)
	at net.sf.jasperreports.engine.fill.JRVerticalFiller.fillDetail(JRVerticalFiller.java:778)
	at net.sf.jasperreports.engine.fill.JRVerticalFiller.fillReportStart(JRVerticalFiller.java:288)
	at net.sf.jasperreports.engine.fill.JRVerticalFiller.fillReport(JRVerticalFiller.java:151)
	at net.sf.jasperreports.engine.fill.JRBaseFiller.fill(JRBaseFiller.java:909)
	at net.sf.jasperreports.engine.fill.JRBaseFiller.fill(JRBaseFiller.java:841)
	at net.sf.jasperreports.engine.fill.JRFiller.fill(JRFiller.java:88)
	at net.sf.jasperreports.engine.JasperFillManager.fill(JasperFillManager.java:653)
	at net.sf.jasperreports.engine.JasperFillManager.fillReport(JasperFillManager.java:969)
	at com.nantic.jasperreports.JasperServer.privateExecute(JasperServer.java:196)
	at com.nantic.jasperreports.JasperServer.execute(JasperServer.java:96)
	at sun.reflect.NativeMethodAccessorImpl.invoke0(Native Method)
	at sun.reflect.NativeMethodAccessorImpl.invoke(NativeMethodAccessorImpl.java:57)
	at sun.reflect.DelegatingMethodAccessorImpl.invoke(DelegatingMethodAccessorImpl.java:43)
	at java.lang.reflect.Method.invoke(Method.java:606)
	at org.apache.xmlrpc.server.ReflectiveXmlRpcHandler.invoke(ReflectiveXmlRpcHandler.java:115)
	at org.apache.xmlrpc.server.ReflectiveXmlRpcHandler.execute(ReflectiveXmlRpcHandler.java:106)
	at org.apache.xmlrpc.server.XmlRpcServerWorker.execute(XmlRpcServerWorker.java:46)
	at org.apache.xmlrpc.server.XmlRpcServer.execute(XmlRpcServer.java:86)
	at org.apache.xmlrpc.server.XmlRpcStreamServer.execute(XmlRpcStreamServer.java:200)
	at org.apache.xmlrpc.webserver.Connection.run(Connection.java:208)
	at org.apache.xmlrpc.util.ThreadPool$Poolable$1.run(ThreadPool.java:68)
Caused by: java.lang.NumberFormatException: empty String
	at sun.misc.FloatingDecimal.readJavaFormatString(FloatingDecimal.java:1020)
	at java.lang.Float.valueOf(Float.java:417)
	at sun.reflect.NativeMethodAccessorImpl.invoke0(Native Method)
	at sun.reflect.NativeMethodAccessorImpl.invoke(NativeMethodAccessorImpl.java:57)
	at sun.reflect.DelegatingMethodAccessorImpl.invoke(DelegatingMethodAccessorImpl.java:43)
	at java.lang.reflect.Method.invoke(Method.java:606)
	at org.codehaus.groovy.reflection.CachedMethod.invoke(CachedMethod.java:88)
	at groovy.lang.MetaMethod.doMethodInvoke(MetaMethod.java:233)
	at org.codehaus.groovy.runtime.callsite.StaticMetaMethodSite.invoke(StaticMetaMethodSite.java:43)
	at org.codehaus.groovy.runtime.callsite.StaticMetaMethodSite.call(StaticMetaMethodSite.java:88)
	at org.codehaus.groovy.runtime.callsite.CallSiteArray.defaultCall(CallSiteArray.java:40)
	at org.codehaus.groovy.runtime.callsite.AbstractCallSite.call(AbstractCallSite.java:116)
	at org.codehaus.groovy.runtime.callsite.AbstractCallSite.call(AbstractCallSite.java:124)
	at sale_order_report_1458295840117_481914.evaluate(calculator_sale_order_report_1458295840117_481914:715)
	at net.sf.jasperreports.engine.fill.JREvaluator.evaluate(JREvaluator.java:190)
	... 29 more
